INFO:     Started server process [9960]
INFO:     Waiting for application startup.
2026-04-24 05:01:39,362 - backend - INFO - Muvaffaqiyat: API tayyor, PostgreSQL ulandi, keep-alive yoqildi (bu xato emas).
INFO:     Application startup complete.
INFO:     Uvicorn running on http://127.0.0.1:8000 (Press CTRL+C to quit)
2026-04-24 05:01:45,531 - backend - INFO - request_completed request_id=f515d92880e94935aea93a2e871c18c1 method=GET path=/api/health status=200 duration_ms=498.0
C:\Users\EliteBook\AppData\Local\Python\pythoncore-3.14-64\Lib\site-packages\jwt\api_jwt.py:147: InsecureKeyLengthWarning: The HMAC key is 29 bytes long, which is below the minimum recommended length of 32 bytes for SHA256. See RFC 7518 Section 3.2.
  return self._jws.encode(
2026-04-24 05:02:03,976 - backend - INFO - request_completed request_id=6fad8a0a41534a0d80e2cf216f8ef0a3 method=POST path=/api/auth/register status=200 duration_ms=2287.51
C:\Users\EliteBook\AppData\Local\Python\pythoncore-3.14-64\Lib\site-packages\jwt\api_jwt.py:365: InsecureKeyLengthWarning: The HMAC key is 29 bytes long, which is below the minimum recommended length of 32 bytes for SHA256. See RFC 7518 Section 3.2.
  decoded = self.decode_complete(
2026-04-24 05:02:04,931 - backend - INFO - request_completed request_id=b971bdbb02d1488780b19c1fe05031d7 method=GET path=/api/auth/me status=200 duration_ms=942.21
2026-04-24 05:02:06,931 - backend - INFO - request_completed request_id=a06dff08ea704a46bf731bf9cf931233 method=POST path=/api/auth/refresh status=200 duration_ms=1996.48
2026-04-24 05:02:07,913 - backend - INFO - request_completed request_id=154c2f886c6045a6842b58b93ac8918c method=POST path=/api/auth/logout status=200 duration_ms=979.21
2026-04-24 05:02:08,427 - backend - INFO - request_completed request_id=a95b82237df24283a75a5aa6b5932bc6 method=GET path=/api/auth/me status=401 duration_ms=510.25
2026-04-24 05:02:08,909 - backend - INFO - request_completed request_id=0e2f1408979d436fbf7227dfe7deacc0 method=POST path=/api/auth/refresh status=401 duration_ms=478.03
2026-04-24 05:02:08,916 - backend - INFO - request_completed request_id=93d9c2ce6df9445daaa7bcf9879c504b method=POST path=/api/auth/login status=400 duration_ms=1.11
2026-04-24 05:02:10,743 - backend - INFO - request_completed request_id=07e18abfa08a4c15b3a886742135095f method=POST path=/api/auth/login status=200 duration_ms=1819.6
2026-04-24 05:02:12,497 - backend - INFO - request_completed request_id=ae21502f64274b3eb912601c3156f69c method=POST path=/api/auth/login status=200 duration_ms=1748.77
2026-04-24 05:02:13,334 - backend - WARNING - Invalid password hash encountered during login
2026-04-24 05:02:13,335 - backend - INFO - request_completed request_id=674e27e59d4a457392bc367256c9275f method=POST path=/api/auth/login status=401 duration_ms=831.52
2026-04-24 05:02:13,819 - backend - INFO - request_completed request_id=731a20a1377142638a203df923dc23ad method=POST path=/api/auth/login status=401 duration_ms=477.96
2026-04-24 05:02:15,558 - backend - INFO - request_completed request_id=6b7de3c744cb4478b23e2625c18bb47f method=POST path=/api/auth/login status=200 duration_ms=1733.88
2026-04-24 05:02:16,491 - backend - INFO - request_completed request_id=37b5dc8b8bd74a6aac5c5d15bf0e38b4 method=GET path=/api/auth/me status=200 duration_ms=930.36
2026-04-24 05:02:16,498 - backend - INFO - request_completed request_id=2cfbb6cbb37b41d7ae0711dd703dcfec method=GET path=/api/auth/me status=401 duration_ms=0.38
2026-04-24 05:02:18,308 - backend - INFO - request_completed request_id=020d436e0cab410186436729e514d867 method=POST path=/api/auth/login status=200 duration_ms=1801.54
2026-04-24 05:02:24,966 - backend - INFO - request_completed request_id=860cfa28af984b1db05a58b02dd3b33e method=GET path=/api/statistics status=200 duration_ms=6654.44
2026-04-24 05:02:26,717 - backend - INFO - request_completed request_id=cbd7c7da570a4f40a724fcdd289be17b method=POST path=/api/auth/login status=200 duration_ms=1746.1
2026-04-24 05:02:27,676 - backend - INFO - request_completed request_id=ed74a80e07384fb0a671e21d0757c361 method=GET path=/api/statistics status=403 duration_ms=955.05
